2010-03-09 15:04:34 Notice: Notice (8): Undefined variable: mainMenu in [APP/views/layouts/default.ctp, line 57]
2010-03-09 15:04:34 Notice: Notice (8): Undefined variable: username in [APP/views/layouts/default.ctp, line 69]
2010-03-09 15:04:34 Notice: Notice (8): Undefined variable: groupname in [APP/views/layouts/default.ctp, line 69]
2010-03-09 15:04:34 Notice: Notice (8): Undefined variable: subMenu in [APP/views/layouts/default.ctp, line 83]
2010-03-09 15:05:01 Notice: Notice (8): Undefined variable: mainMenu in [APP/views/layouts/default.ctp, line 57]
2010-03-09 15:05:01 Notice: Notice (8): Undefined variable: username in [APP/views/layouts/default.ctp, line 69]
2010-03-09 15:05:01 Notice: Notice (8): Undefined variable: groupname in [APP/views/layouts/default.ctp, line 69]
2010-03-09 15:05:01 Notice: Notice (8): Undefined variable: subMenu in [APP/views/layouts/default.ctp, line 83]
2010-03-09 15:07:58 Notice: Notice (8): Undefined variable: mainMenu in [APP/views/layouts/default.ctp, line 57]
2010-03-09 15:07:58 Notice: Notice (8): Undefined variable: username in [APP/views/layouts/default.ctp, line 69]
2010-03-09 15:07:58 Notice: Notice (8): Undefined variable: groupname in [APP/views/layouts/default.ctp, line 69]
2010-03-09 15:07:58 Notice: Notice (8): Undefined variable: subMenu in [APP/views/layouts/default.ctp, line 83]
2010-03-09 15:08:12 Notice: Notice (8): Undefined variable: mainMenu in [APP/views/layouts/default.ctp, line 57]
2010-03-09 15:08:12 Notice: Notice (8): Undefined variable: username in [APP/views/layouts/default.ctp, line 69]
2010-03-09 15:08:12 Notice: Notice (8): Undefined variable: groupname in [APP/views/layouts/default.ctp, line 69]
2010-03-09 15:08:12 Notice: Notice (8): Undefined variable: subMenu in [APP/views/layouts/default.ctp, line 83]
2010-03-09 15:08:19 Notice: Notice (8): Undefined variable: mainMenu in [APP/views/layouts/default.ctp, line 57]
2010-03-09 15:08:19 Notice: Notice (8): Undefined variable: username in [APP/views/layouts/default.ctp, line 69]
2010-03-09 15:08:19 Notice: Notice (8): Undefined variable: groupname in [APP/views/layouts/default.ctp, line 69]
2010-03-09 15:08:20 Notice: Notice (8): Undefined variable: subMenu in [APP/views/layouts/default.ctp, line 83]
2010-03-09 15:08:49 Notice: Notice (8): Undefined variable: mainMenu in [APP/views/layouts/default.ctp, line 57]
2010-03-09 15:08:49 Notice: Notice (8): Undefined variable: username in [APP/views/layouts/default.ctp, line 69]
2010-03-09 15:08:49 Notice: Notice (8): Undefined variable: groupname in [APP/views/layouts/default.ctp, line 69]
2010-03-09 15:08:49 Notice: Notice (8): Undefined variable: subMenu in [APP/views/layouts/default.ctp, line 83]
2010-03-09 15:08:54 Notice: Notice (8): Undefined variable: mainMenu in [APP/views/layouts/default.ctp, line 57]
2010-03-09 15:08:54 Notice: Notice (8): Undefined variable: username in [APP/views/layouts/default.ctp, line 69]
2010-03-09 15:08:54 Notice: Notice (8): Undefined variable: groupname in [APP/views/layouts/default.ctp, line 69]
2010-03-09 15:08:54 Notice: Notice (8): Undefined variable: subMenu in [APP/views/layouts/default.ctp, line 83]
2010-03-09 15:09:26 Notice: Notice (8): Undefined variable: mainMenu in [APP/views/layouts/default.ctp, line 57]
2010-03-09 15:09:26 Notice: Notice (8): Undefined variable: username in [APP/views/layouts/default.ctp, line 69]
2010-03-09 15:09:26 Notice: Notice (8): Undefined variable: groupname in [APP/views/layouts/default.ctp, line 69]
2010-03-09 15:09:26 Notice: Notice (8): Undefined variable: subMenu in [APP/views/layouts/default.ctp, line 83]
2010-03-09 15:09:35 Notice: Notice (8): Undefined variable: mainMenu in [APP/views/layouts/default.ctp, line 57]
2010-03-09 15:09:35 Notice: Notice (8): Undefined variable: username in [APP/views/layouts/default.ctp, line 69]
2010-03-09 15:09:35 Notice: Notice (8): Undefined variable: groupname in [APP/views/layouts/default.ctp, line 69]
2010-03-09 15:09:35 Notice: Notice (8): Undefined variable: subMenu in [APP/views/layouts/default.ctp, line 83]
2010-03-09 15:17:20 Notice: Notice (8): Undefined index: TcalonMahasiswa in [APP/views/tmahasiswas/index.ctp, line 43]
2010-03-09 15:17:20 Notice: Notice (8): Undefined index: TcalonMahasiswa in [APP/views/tmahasiswas/index.ctp, line 46]
2010-03-09 15:17:20 Notice: Notice (8): Undefined index: TcalonMahasiswa in [APP/views/tmahasiswas/index.ctp, line 50]
2010-03-09 15:17:20 Notice: Notice (8): Undefined index: TcalonMahasiswa in [APP/views/tmahasiswas/index.ctp, line 53]
2010-03-09 15:17:20 Notice: Notice (8): Undefined index: TcalonMahasiswa in [APP/views/tmahasiswas/index.ctp, line 60]
2010-03-09 15:17:20 Notice: Notice (8): Undefined index: TcalonMahasiswa in [APP/views/tmahasiswas/index.ctp, line 61]
2010-03-09 15:17:20 Notice: Notice (8): Undefined index: TcalonMahasiswa in [APP/views/tmahasiswas/index.ctp, line 62]
2010-03-09 15:17:20 Notice: Notice (8): Undefined index: TcalonMahasiswa in [APP/views/tmahasiswas/index.ctp, line 63]
2010-03-09 15:17:21 Notice: Notice (8): Undefined variable: mainMenu in [APP/views/layouts/default.ctp, line 57]
2010-03-09 15:17:21 Notice: Notice (8): Undefined variable: username in [APP/views/layouts/default.ctp, line 69]
2010-03-09 15:17:21 Notice: Notice (8): Undefined variable: groupname in [APP/views/layouts/default.ctp, line 69]
2010-03-09 15:17:21 Notice: Notice (8): Undefined variable: subMenu in [APP/views/layouts/default.ctp, line 83]
2010-03-09 15:35:59 Notice: Notice (8): Undefined index: TcalonMahasiswa in [APP/views/tmahasiswas/index.ctp, line 43]
2010-03-09 15:35:59 Notice: Notice (8): Undefined index: TcalonMahasiswa in [APP/views/tmahasiswas/index.ctp, line 46]
2010-03-09 15:35:59 Notice: Notice (8): Undefined index: TcalonMahasiswa in [APP/views/tmahasiswas/index.ctp, line 50]
2010-03-09 15:35:59 Notice: Notice (8): Undefined index: TcalonMahasiswa in [APP/views/tmahasiswas/index.ctp, line 53]
2010-03-09 15:35:59 Notice: Notice (8): Undefined index: TcalonMahasiswa in [APP/views/tmahasiswas/index.ctp, line 60]
2010-03-09 15:35:59 Notice: Notice (8): Undefined index: TcalonMahasiswa in [APP/views/tmahasiswas/index.ctp, line 61]
2010-03-09 15:35:59 Notice: Notice (8): Undefined index: TcalonMahasiswa in [APP/views/tmahasiswas/index.ctp, line 62]
2010-03-09 15:36:00 Notice: Notice (8): Undefined index: TcalonMahasiswa in [APP/views/tmahasiswas/index.ctp, line 63]
2010-03-09 15:43:11 Notice: Notice (8): Undefined index: TcalonMahasiswa in [APP/views/tmahasiswas/index.ctp, line 43]
2010-03-09 15:43:11 Notice: Notice (8): Undefined index: TcalonMahasiswa in [APP/views/tmahasiswas/index.ctp, line 46]
2010-03-09 15:43:11 Notice: Notice (8): Undefined index: TcalonMahasiswa in [APP/views/tmahasiswas/index.ctp, line 50]
2010-03-09 15:43:11 Notice: Notice (8): Undefined index: TcalonMahasiswa in [APP/views/tmahasiswas/index.ctp, line 53]
2010-03-09 15:43:11 Notice: Notice (8): Undefined index: TcalonMahasiswa in [APP/views/tmahasiswas/index.ctp, line 60]
2010-03-09 15:43:11 Notice: Notice (8): Undefined index: TcalonMahasiswa in [APP/views/tmahasiswas/index.ctp, line 61]
2010-03-09 15:43:11 Notice: Notice (8): Undefined index: TcalonMahasiswa in [APP/views/tmahasiswas/index.ctp, line 62]
2010-03-09 15:43:11 Notice: Notice (8): Undefined index: TcalonMahasiswa in [APP/views/tmahasiswas/index.ctp, line 63]
2010-03-09 15:43:12 Notice: Notice (8): Undefined variable: mainMenu in [APP/views/layouts/default.ctp, line 57]
2010-03-09 15:43:12 Notice: Notice (8): Undefined variable: username in [APP/views/layouts/default.ctp, line 69]
2010-03-09 15:43:12 Notice: Notice (8): Undefined variable: groupname in [APP/views/layouts/default.ctp, line 69]
2010-03-09 15:43:12 Notice: Notice (8): Undefined variable: subMenu in [APP/views/layouts/default.ctp, line 83]
2010-03-09 16:50:03 Notice: Notice (8): Undefined variable: mainMenu in [APP/views/layouts/default.ctp, line 57]
2010-03-09 16:50:03 Notice: Notice (8): Undefined variable: username in [APP/views/layouts/default.ctp, line 69]
2010-03-09 16:50:03 Notice: Notice (8): Undefined variable: groupname in [APP/views/layouts/default.ctp, line 69]
2010-03-09 16:50:03 Notice: Notice (8): Undefined variable: subMenu in [APP/views/layouts/default.ctp, line 83]
2010-03-10 09:37:12 Notice: Notice (8): Undefined variable: mainMenu in [APP/views/layouts/default.ctp, line 57]
2010-03-10 09:37:12 Notice: Notice (8): Undefined variable: username in [APP/views/layouts/default.ctp, line 69]
2010-03-10 09:37:12 Notice: Notice (8): Undefined variable: groupname in [APP/views/layouts/default.ctp, line 69]
2010-03-10 09:37:12 Notice: Notice (8): Undefined variable: subMenu in [APP/views/layouts/default.ctp, line 83]
2010-03-10 10:07:42 Notice: Notice (8): Undefined property: ChangeModuleController::$currentModule in [APP/controllers/change_module_controller.php, line 13]
2010-03-10 10:07:56 Notice: Notice (8): Undefined property: ChangeModuleController::$currentModule in [APP/controllers/change_module_controller.php, line 13]
2010-03-10 10:08:30 Notice: Notice (8): Undefined property: ChangeModuleController::$currentModule in [APP/controllers/change_module_controller.php, line 13]
2010-03-10 10:16:16 Notice: Notice (8): Undefined index: TtahunAjaran in [APP/views/gelombang_pendaftarans/index.ctp, line 29]
2010-03-10 10:16:39 Notice: Notice (8): Undefined index: name in [APP/views/gelombang_pendaftarans/index.ctp, line 29]
2010-03-10 10:17:58 Notice: Notice (8): Undefined index: name in [APP/views/jenis_nilai_pendaftarans/index.ctp, line 25]
2010-03-10 10:18:05 Notice: Notice (8): Undefined index: nama in [APP/views/jenis_nilai_pendaftarans/index.ctp, line 25]
2010-03-10 11:01:29 Notice: Notice (8): Undefined property: KelasUjian::$Tfakulta in [APP/controllers/kelas_ujians_controller.php, line 36]
2010-03-10 11:02:54 Notice: Notice (8): Undefined property: KelasUjian::$Tfakulta in [APP/controllers/kelas_ujians_controller.php, line 36]
2010-03-10 11:02:58 Notice: Notice (8): Undefined property: KelasUjian::$Tfakulta in [APP/controllers/kelas_ujians_controller.php, line 36]
2010-03-10 11:17:13 Notice: Notice (8): Undefined index: namajurusan in [APP/views/kelas_ujians/index.ctp, line 48]
2010-03-10 11:21:12 Notice: Notice (8): Undefined index: namajurusan in [APP/views/kelas_ujians/index.ctp, line 48]
2010-03-10 11:24:11 Notice: Notice (8): Undefined index: namajurusan in [APP/views/kelas_ujians/index.ctp, line 48]
2010-03-10 11:26:04 Notice: Notice (8): Undefined variable: mainMenu in [APP/views/layouts/default.ctp, line 57]
2010-03-10 11:26:04 Notice: Notice (8): Undefined variable: username in [APP/views/layouts/default.ctp, line 69]
2010-03-10 11:26:04 Notice: Notice (8): Undefined variable: groupname in [APP/views/layouts/default.ctp, line 69]
2010-03-10 11:26:04 Notice: Notice (8): Undefined variable: subMenu in [APP/views/layouts/default.ctp, line 83]
2010-03-10 11:26:21 Notice: Notice (8): Undefined index: namajurusan in [APP/views/kelas_ujians/view.ctp, line 43]
2010-03-10 11:30:45 Notice: Notice (8): Undefined index: namajurusan in [APP/views/kelas_ujians/index.ctp, line 48]
2010-03-10 11:34:18 Notice: Notice (8): Undefined index: namajurusan in [APP/views/kelas_ujians/index.ctp, line 48]
2010-03-10 11:35:32 Notice: Notice (8): Undefined index: namajurusan in [APP/views/kelas_ujians/index.ctp, line 48]
2010-03-10 11:35:40 Notice: Notice (8): Undefined index: namajurusan in [APP/views/kelas_ujians/index.ctp, line 48]
2010-03-10 11:35:57 Notice: Notice (8): Undefined index: namajurusan in [APP/views/kelas_ujians/index.ctp, line 48]
2010-03-10 11:37:33 Notice: Notice (8): Undefined index: namajurusan in [APP/views/kelas_ujians/view.ctp, line 43]
2010-03-10 11:40:05 Notice: Notice (8): Undefined index: namajurusan in [APP/views/kelas_ujians/view.ctp, line 43]
2010-03-10 11:41:28 Notice: Notice (8): Undefined index: namajurusan in [APP/views/kelas_ujians/view.ctp, line 43]
2010-03-10 11:41:59 Notice: Notice (8): Undefined index: namajurusan in [APP/views/kelas_ujians/view.ctp, line 43]
2010-03-10 11:42:15 Notice: Notice (8): Undefined index: namajurusan in [APP/views/kelas_ujians/view.ctp, line 43]
2010-03-10 11:42:33 Notice: Notice (8): Undefined index: namajurusan in [APP/views/kelas_ujians/view.ctp, line 43]
2010-03-10 11:43:45 Notice: Notice (8): Undefined property: KelasUjian::$Tfakulta in [APP/controllers/kelas_ujians_controller.php, line 68]
2010-03-10 11:44:21 Notice: Notice (8): Undefined property: KelasUjian::$Tfakulta in [APP/controllers/kelas_ujians_controller.php, line 72]
2010-03-10 12:45:01 Notice: Notice (8): Undefined variable: mainMenu in [APP/views/layouts/default.ctp, line 57]
2010-03-10 12:45:01 Notice: Notice (8): Undefined variable: username in [APP/views/layouts/default.ctp, line 69]
2010-03-10 12:45:01 Notice: Notice (8): Undefined variable: groupname in [APP/views/layouts/default.ctp, line 69]
2010-03-10 12:45:01 Notice: Notice (8): Undefined variable: subMenu in [APP/views/layouts/default.ctp, line 83]
2010-03-10 13:53:09 Notice: Notice (8): Undefined variable: value in [APP/controllers/gelombang_pendaftarans_controller.php, line 13]
2010-03-10 13:53:09 Notice: Notice (8): Undefined variable: tahun_selected in [APP/views/gelombang_pendaftarans/index.ctp, line 10]
2010-03-10 13:54:06 Notice: Notice (8): Undefined variable: tahun_selected in [APP/views/gelombang_pendaftarans/index.ctp, line 10]
2010-03-10 15:31:09 Notice: Notice (8): Undefined variable: input in [APP/views/kelas_ujians/view.ctp, line 96]
2010-03-10 15:43:23 Notice: Notice (8): Undefined variable: mainMenu in [APP/views/layouts/default.ctp, line 57]
2010-03-10 15:43:23 Notice: Notice (8): Undefined variable: username in [APP/views/layouts/default.ctp, line 69]
2010-03-10 15:43:23 Notice: Notice (8): Undefined variable: groupname in [APP/views/layouts/default.ctp, line 69]
2010-03-10 15:43:23 Notice: Notice (8): Undefined variable: subMenu in [APP/views/layouts/default.ctp, line 83]
2010-03-10 15:50:51 Notice: Notice (8): Undefined variable: mainMenu in [APP/views/layouts/default.ctp, line 57]
2010-03-10 15:50:51 Notice: Notice (8): Undefined variable: username in [APP/views/layouts/default.ctp, line 69]
2010-03-10 15:50:51 Notice: Notice (8): Undefined variable: groupname in [APP/views/layouts/default.ctp, line 69]
2010-03-10 15:50:51 Notice: Notice (8): Undefined variable: subMenu in [APP/views/layouts/default.ctp, line 83]
2010-03-10 15:52:19 Notice: Notice (8): Undefined variable: mainMenu in [APP/views/layouts/default.ctp, line 57]
2010-03-10 15:52:19 Notice: Notice (8): Undefined variable: username in [APP/views/layouts/default.ctp, line 69]
2010-03-10 15:52:19 Notice: Notice (8): Undefined variable: groupname in [APP/views/layouts/default.ctp, line 69]
2010-03-10 15:52:19 Notice: Notice (8): Undefined variable: subMenu in [APP/views/layouts/default.ctp, line 83]
2010-03-10 15:52:49 Notice: Notice (8): Undefined variable: mainMenu in [APP/views/layouts/default.ctp, line 57]
2010-03-10 15:52:49 Notice: Notice (8): Undefined variable: username in [APP/views/layouts/default.ctp, line 69]
2010-03-10 15:52:49 Notice: Notice (8): Undefined variable: groupname in [APP/views/layouts/default.ctp, line 69]
2010-03-10 15:52:49 Notice: Notice (8): Undefined variable: subMenu in [APP/views/layouts/default.ctp, line 83]
2010-03-10 15:54:01 Notice: Notice (8): Undefined variable: mainMenu in [APP/views/layouts/default.ctp, line 57]
2010-03-10 15:54:01 Notice: Notice (8): Undefined variable: username in [APP/views/layouts/default.ctp, line 69]
2010-03-10 15:54:01 Notice: Notice (8): Undefined variable: groupname in [APP/views/layouts/default.ctp, line 69]
2010-03-10 15:54:01 Notice: Notice (8): Undefined variable: subMenu in [APP/views/layouts/default.ctp, line 83]
2010-03-10 16:03:54 Notice: Notice (8): Undefined variable: mainMenu in [APP/views/layouts/default.ctp, line 57]
2010-03-10 16:03:54 Notice: Notice (8): Undefined variable: username in [APP/views/layouts/default.ctp, line 69]
2010-03-10 16:03:54 Notice: Notice (8): Undefined variable: groupname in [APP/views/layouts/default.ctp, line 69]
2010-03-10 16:03:54 Notice: Notice (8): Undefined variable: subMenu in [APP/views/layouts/default.ctp, line 83]
2010-03-10 16:06:43 Notice: Notice (8): Undefined index: ids in [APP/controllers/kelas_ujians_controller.php, line 93]
2010-03-10 16:07:00 Notice: Notice (8): Undefined index: ids in [APP/controllers/kelas_ujians_controller.php, line 93]
2010-03-10 16:15:22 Notice: Notice (8): Undefined index: kelas_ujian_id in [APP/controllers/kelas_ujians_controller.php, line 113]
2010-03-10 16:17:16 Notice: Notice (8): Undefined variable: mainMenu in [APP/views/layouts/default.ctp, line 57]
2010-03-10 16:17:16 Notice: Notice (8): Undefined variable: username in [APP/views/layouts/default.ctp, line 69]
2010-03-10 16:17:16 Notice: Notice (8): Undefined variable: groupname in [APP/views/layouts/default.ctp, line 69]
2010-03-10 16:17:16 Notice: Notice (8): Undefined variable: subMenu in [APP/views/layouts/default.ctp, line 83]
2010-03-10 16:17:50 Notice: Notice (8): Undefined variable: mainMenu in [APP/views/layouts/default.ctp, line 57]
2010-03-10 16:17:50 Notice: Notice (8): Undefined variable: username in [APP/views/layouts/default.ctp, line 69]
2010-03-10 16:17:50 Notice: Notice (8): Undefined variable: groupname in [APP/views/layouts/default.ctp, line 69]
2010-03-10 16:17:50 Notice: Notice (8): Undefined variable: subMenu in [APP/views/layouts/default.ctp, line 83]
2010-03-10 16:18:58 Notice: Notice (8): Undefined variable: mainMenu in [APP/views/layouts/default.ctp, line 57]
2010-03-10 16:18:58 Notice: Notice (8): Undefined variable: username in [APP/views/layouts/default.ctp, line 69]
2010-03-10 16:18:58 Notice: Notice (8): Undefined variable: groupname in [APP/views/layouts/default.ctp, line 69]
2010-03-10 16:18:58 Notice: Notice (8): Undefined variable: subMenu in [APP/views/layouts/default.ctp, line 83]
2010-03-10 16:19:18 Notice: Notice (8): Undefined variable: mainMenu in [APP/views/layouts/default.ctp, line 57]
2010-03-10 16:19:18 Notice: Notice (8): Undefined variable: username in [APP/views/layouts/default.ctp, line 69]
2010-03-10 16:19:18 Notice: Notice (8): Undefined variable: groupname in [APP/views/layouts/default.ctp, line 69]
2010-03-10 16:19:18 Notice: Notice (8): Undefined variable: subMenu in [APP/views/layouts/default.ctp, line 83]
2010-03-10 16:19:51 Notice: Notice (8): Undefined index: kelas_ujian_id in [APP/controllers/kelas_ujians_controller.php, line 113]
2010-03-10 16:21:06 Notice: Notice (8): Undefined index: kelas_ujian_id in [APP/controllers/kelas_ujians_controller.php, line 111]
2010-03-10 16:26:51 Notice: Notice (8): Undefined property: ChangeModuleController::$currentModule in [APP/controllers/change_module_controller.php, line 13]
2010-03-10 16:27:03 Notice: Notice (8): Undefined property: ChangeModuleController::$currentModule in [APP/controllers/change_module_controller.php, line 13]
2010-03-10 16:27:08 Notice: Notice (8): Undefined index: TcalonMahasiswa in [APP/views/tmahasiswas/index.ctp, line 43]
2010-03-10 16:27:09 Notice: Notice (8): Undefined index: TcalonMahasiswa in [APP/views/tmahasiswas/index.ctp, line 46]
2010-03-10 16:27:09 Notice: Notice (8): Undefined index: TcalonMahasiswa in [APP/views/tmahasiswas/index.ctp, line 50]
2010-03-10 16:27:09 Notice: Notice (8): Undefined index: TcalonMahasiswa in [APP/views/tmahasiswas/index.ctp, line 53]
2010-03-10 16:27:09 Notice: Notice (8): Undefined index: TcalonMahasiswa in [APP/views/tmahasiswas/index.ctp, line 60]
2010-03-10 16:27:09 Notice: Notice (8): Undefined index: TcalonMahasiswa in [APP/views/tmahasiswas/index.ctp, line 61]
2010-03-10 16:27:09 Notice: Notice (8): Undefined index: TcalonMahasiswa in [APP/views/tmahasiswas/index.ctp, line 62]
2010-03-10 16:27:09 Notice: Notice (8): Undefined index: TcalonMahasiswa in [APP/views/tmahasiswas/index.ctp, line 63]
2010-03-10 16:27:10 Notice: Notice (8): Undefined variable: mainMenu in [APP/views/layouts/default.ctp, line 57]
2010-03-10 16:27:10 Notice: Notice (8): Undefined variable: username in [APP/views/layouts/default.ctp, line 69]
2010-03-10 16:27:10 Notice: Notice (8): Undefined variable: groupname in [APP/views/layouts/default.ctp, line 69]
2010-03-10 16:27:10 Notice: Notice (8): Undefined variable: subMenu in [APP/views/layouts/default.ctp, line 83]
2010-03-10 16:28:26 Notice: Notice (8): Undefined property: ChangeModuleController::$currentModule in [APP/controllers/change_module_controller.php, line 13]
2010-03-10 18:04:22 Notice: Notice (8): Undefined variable: fakultas in [APP/views/kelas_ujians/index.ctp, line 14]
2010-03-11 09:40:47 Notice: Notice (8): Undefined index: nomorf in [APP/views/jenis_nilai_pendaftarans/index.ctp, line 25]
2010-03-11 09:47:58 Notice: Notice (8): Undefined variable: mainMenu in [APP/views/layouts/default.ctp, line 57]
2010-03-11 09:47:58 Notice: Notice (8): Undefined variable: username in [APP/views/layouts/default.ctp, line 69]
2010-03-11 09:47:58 Notice: Notice (8): Undefined variable: groupname in [APP/views/layouts/default.ctp, line 69]
2010-03-11 09:47:58 Notice: Notice (8): Undefined variable: subMenu in [APP/views/layouts/default.ctp, line 83]
2010-03-11 09:50:23 Notice: Notice (8): Undefined property: JenisNilaiPendaftaransController::$GelombangPendaftaran in [APP/controllers/jenis_nilai_pendaftarans_controller.php, line 28]
2010-03-11 09:50:23 Notice: Notice (8): Trying to get property of non-object in [APP/controllers/jenis_nilai_pendaftarans_controller.php, line 28]
2010-03-11 10:05:13 Notice: Notice (8): Undefined variable: mainMenu in [APP/views/layouts/default.ctp, line 57]
2010-03-11 10:05:13 Notice: Notice (8): Undefined variable: username in [APP/views/layouts/default.ctp, line 69]
2010-03-11 10:05:13 Notice: Notice (8): Undefined variable: groupname in [APP/views/layouts/default.ctp, line 69]
2010-03-11 10:05:13 Notice: Notice (8): Undefined variable: subMenu in [APP/views/layouts/default.ctp, line 83]
2010-03-11 10:05:33 Notice: Notice (8): Undefined variable: mainMenu in [APP/views/layouts/default.ctp, line 57]
2010-03-11 10:05:33 Notice: Notice (8): Undefined variable: username in [APP/views/layouts/default.ctp, line 69]
2010-03-11 10:05:33 Notice: Notice (8): Undefined variable: groupname in [APP/views/layouts/default.ctp, line 69]
2010-03-11 10:05:33 Notice: Notice (8): Undefined variable: subMenu in [APP/views/layouts/default.ctp, line 83]
2010-03-11 10:05:35 Notice: Notice (8): Undefined variable: mainMenu in [APP/views/layouts/default.ctp, line 57]
2010-03-11 10:05:35 Notice: Notice (8): Undefined variable: username in [APP/views/layouts/default.ctp, line 69]
2010-03-11 10:05:35 Notice: Notice (8): Undefined variable: groupname in [APP/views/layouts/default.ctp, line 69]
2010-03-11 10:05:35 Notice: Notice (8): Undefined variable: subMenu in [APP/views/layouts/default.ctp, line 83]
2010-03-11 10:06:36 Notice: Notice (8): Undefined variable: mainMenu in [APP/views/layouts/default.ctp, line 57]
2010-03-11 10:06:36 Notice: Notice (8): Undefined variable: username in [APP/views/layouts/default.ctp, line 69]
2010-03-11 10:06:36 Notice: Notice (8): Undefined variable: groupname in [APP/views/layouts/default.ctp, line 69]
2010-03-11 10:06:36 Notice: Notice (8): Undefined variable: subMenu in [APP/views/layouts/default.ctp, line 83]
2010-03-11 10:06:38 Notice: Notice (8): Undefined variable: mainMenu in [APP/views/layouts/default.ctp, line 57]
2010-03-11 10:06:38 Notice: Notice (8): Undefined variable: username in [APP/views/layouts/default.ctp, line 69]
2010-03-11 10:06:38 Notice: Notice (8): Undefined variable: groupname in [APP/views/layouts/default.ctp, line 69]
2010-03-11 10:06:38 Notice: Notice (8): Undefined variable: subMenu in [APP/views/layouts/default.ctp, line 83]
2010-03-11 10:06:41 Notice: Notice (8): Undefined variable: mainMenu in [APP/views/layouts/default.ctp, line 57]
2010-03-11 10:06:41 Notice: Notice (8): Undefined variable: username in [APP/views/layouts/default.ctp, line 69]
2010-03-11 10:06:41 Notice: Notice (8): Undefined variable: groupname in [APP/views/layouts/default.ctp, line 69]
2010-03-11 10:06:41 Notice: Notice (8): Undefined variable: subMenu in [APP/views/layouts/default.ctp, line 83]
2010-03-11 10:06:43 Notice: Notice (8): Undefined variable: mainMenu in [APP/views/layouts/default.ctp, line 57]
2010-03-11 10:06:43 Notice: Notice (8): Undefined variable: username in [APP/views/layouts/default.ctp, line 69]
2010-03-11 10:06:43 Notice: Notice (8): Undefined variable: groupname in [APP/views/layouts/default.ctp, line 69]
2010-03-11 10:06:43 Notice: Notice (8): Undefined variable: subMenu in [APP/views/layouts/default.ctp, line 83]
2010-03-11 10:06:45 Notice: Notice (8): Undefined variable: mainMenu in [APP/views/layouts/default.ctp, line 57]
2010-03-11 10:06:45 Notice: Notice (8): Undefined variable: username in [APP/views/layouts/default.ctp, line 69]
2010-03-11 10:06:45 Notice: Notice (8): Undefined variable: groupname in [APP/views/layouts/default.ctp, line 69]
2010-03-11 10:06:45 Notice: Notice (8): Undefined variable: subMenu in [APP/views/layouts/default.ctp, line 83]
2010-03-11 10:07:40 Notice: Notice (8): Undefined variable: mainMenu in [APP/views/layouts/default.ctp, line 57]
2010-03-11 10:07:40 Notice: Notice (8): Undefined variable: username in [APP/views/layouts/default.ctp, line 69]
2010-03-11 10:07:40 Notice: Notice (8): Undefined variable: groupname in [APP/views/layouts/default.ctp, line 69]
2010-03-11 10:07:40 Notice: Notice (8): Undefined variable: subMenu in [APP/views/layouts/default.ctp, line 83]
2010-03-11 13:40:33 Notice: Notice (8): Undefined variable: mainMenu in [APP/views/layouts/default.ctp, line 57]
2010-03-11 13:40:33 Notice: Notice (8): Undefined variable: username in [APP/views/layouts/default.ctp, line 69]
2010-03-11 13:40:33 Notice: Notice (8): Undefined variable: groupname in [APP/views/layouts/default.ctp, line 69]
2010-03-11 13:40:33 Notice: Notice (8): Undefined variable: subMenu in [APP/views/layouts/default.ctp, line 83]
2010-03-11 13:40:36 Notice: Notice (8): Undefined variable: mainMenu in [APP/views/layouts/default.ctp, line 57]
2010-03-11 13:40:36 Notice: Notice (8): Undefined variable: username in [APP/views/layouts/default.ctp, line 69]
2010-03-11 13:40:36 Notice: Notice (8): Undefined variable: groupname in [APP/views/layouts/default.ctp, line 69]
2010-03-11 13:40:36 Notice: Notice (8): Undefined variable: subMenu in [APP/views/layouts/default.ctp, line 83]
2010-03-11 13:40:59 Notice: Notice (8): Undefined variable: mainMenu in [APP/views/layouts/default.ctp, line 57]
2010-03-11 13:40:59 Notice: Notice (8): Undefined variable: username in [APP/views/layouts/default.ctp, line 69]
2010-03-11 13:40:59 Notice: Notice (8): Undefined variable: groupname in [APP/views/layouts/default.ctp, line 69]
2010-03-11 13:40:59 Notice: Notice (8): Undefined variable: subMenu in [APP/views/layouts/default.ctp, line 83]
2010-03-11 13:41:40 Notice: Notice (8): Undefined variable: mainMenu in [APP/views/layouts/default.ctp, line 57]
2010-03-11 13:41:40 Notice: Notice (8): Undefined variable: username in [APP/views/layouts/default.ctp, line 69]
2010-03-11 13:41:40 Notice: Notice (8): Undefined variable: groupname in [APP/views/layouts/default.ctp, line 69]
2010-03-11 13:41:40 Notice: Notice (8): Undefined variable: subMenu in [APP/views/layouts/default.ctp, line 83]
2010-03-11 15:12:15 Notice: Notice (8): Undefined variable: tmahasiswa in [APP/views/kelas_ujian_masuks/view.ctp, line 50]
2010-03-11 15:12:57 Notice: Notice (8): Undefined index: id in [APP/views/kelas_ujian_masuks/view.ctp, line 50]
2010-03-11 15:12:57 Notice: Notice (8): Undefined index: Tmahasiswa in [APP/views/kelas_ujian_masuks/view.ctp, line 50]
2010-03-11 15:13:41 Notice: Notice (8): Undefined index: id in [APP/views/kelas_ujian_masuks/view.ctp, line 50]
2010-03-11 15:58:30 Notice: Notice (8): Undefined variable: mainMenu in [APP/views/layouts/default.ctp, line 57]
2010-03-11 15:58:30 Notice: Notice (8): Undefined variable: username in [APP/views/layouts/default.ctp, line 69]
2010-03-11 15:58:30 Notice: Notice (8): Undefined variable: groupname in [APP/views/layouts/default.ctp, line 69]
2010-03-11 15:58:30 Notice: Notice (8): Undefined variable: subMenu in [APP/views/layouts/default.ctp, line 83]
2010-03-11 15:58:32 Notice: Notice (8): Undefined variable: mainMenu in [APP/views/layouts/default.ctp, line 57]
2010-03-11 15:58:32 Notice: Notice (8): Undefined variable: username in [APP/views/layouts/default.ctp, line 69]
2010-03-11 15:58:32 Notice: Notice (8): Undefined variable: groupname in [APP/views/layouts/default.ctp, line 69]
2010-03-11 15:58:32 Notice: Notice (8): Undefined variable: subMenu in [APP/views/layouts/default.ctp, line 83]
2010-03-11 15:58:35 Notice: Notice (8): Undefined variable: mainMenu in [APP/views/layouts/default.ctp, line 57]
2010-03-11 15:58:35 Notice: Notice (8): Undefined variable: username in [APP/views/layouts/default.ctp, line 69]
2010-03-11 15:58:35 Notice: Notice (8): Undefined variable: groupname in [APP/views/layouts/default.ctp, line 69]
2010-03-11 15:58:35 Notice: Notice (8): Undefined variable: subMenu in [APP/views/layouts/default.ctp, line 83]
2010-03-11 16:04:42 Notice: Notice (8): Undefined variable: mainMenu in [APP/views/layouts/default.ctp, line 57]
2010-03-11 16:04:42 Notice: Notice (8): Undefined variable: username in [APP/views/layouts/default.ctp, line 69]
2010-03-11 16:04:42 Notice: Notice (8): Undefined variable: groupname in [APP/views/layouts/default.ctp, line 69]
2010-03-11 16:04:42 Notice: Notice (8): Undefined variable: subMenu in [APP/views/layouts/default.ctp, line 83]
2010-03-11 16:04:45 Notice: Notice (8): Undefined variable: mainMenu in [APP/views/layouts/default.ctp, line 57]
2010-03-11 16:04:45 Notice: Notice (8): Undefined variable: username in [APP/views/layouts/default.ctp, line 69]
2010-03-11 16:04:45 Notice: Notice (8): Undefined variable: groupname in [APP/views/layouts/default.ctp, line 69]
2010-03-11 16:04:45 Notice: Notice (8): Undefined variable: subMenu in [APP/views/layouts/default.ctp, line 83]
2010-03-11 16:04:47 Notice: Notice (8): Undefined variable: mainMenu in [APP/views/layouts/default.ctp, line 57]
2010-03-11 16:04:47 Notice: Notice (8): Undefined variable: username in [APP/views/layouts/default.ctp, line 69]
2010-03-11 16:04:47 Notice: Notice (8): Undefined variable: groupname in [APP/views/layouts/default.ctp, line 69]
2010-03-11 16:04:47 Notice: Notice (8): Undefined variable: subMenu in [APP/views/layouts/default.ctp, line 83]
2010-03-12 10:28:00 Notice: Notice (8): Undefined property: KelasUjianMasuk::$Ruang in [APP/controllers/kelas_ujian_masuks_controller.php, line 48]
2010-03-12 10:41:28 Notice: Notice (8): Undefined index: TruangKelas in [APP/views/kelas_ujian_masuks/index.ctp, line 56]
2010-03-12 10:41:51 Notice: Notice (8): Undefined index: TruangKelas in [APP/views/kelas_ujian_masuks/index.ctp, line 56]
2010-03-12 10:42:08 Notice: Notice (8): Undefined index: TruangKelas in [APP/views/kelas_ujian_masuks/index.ctp, line 56]
2010-03-12 10:47:25 Notice: Notice (8): Undefined index: TtahunAjaran in [APP/views/kelas_ujian_masuks/view.ctp, line 14]
2010-03-12 10:48:21 Notice: Notice (8): Undefined index: TtahunAjaran in [APP/views/kelas_ujian_masuks/view.ctp, line 14]
2010-03-12 10:49:52 Notice: Notice (8): Undefined index: TtahunAjaran in [APP/views/kelas_ujian_masuks/view.ctp, line 14]
2010-03-12 10:51:13 Notice: Notice (8): Undefined index: NAMA_RUANG in [APP/views/kelas_ujian_masuks/view.ctp, line 24]
2010-03-12 10:52:05 Notice: Notice (8): Undefined variable: mainMenu in [APP/views/layouts/default.ctp, line 57]
2010-03-12 10:52:05 Notice: Notice (8): Undefined variable: username in [APP/views/layouts/default.ctp, line 69]
2010-03-12 10:52:05 Notice: Notice (8): Undefined variable: groupname in [APP/views/layouts/default.ctp, line 69]
2010-03-12 10:52:05 Notice: Notice (8): Undefined variable: subMenu in [APP/views/layouts/default.ctp, line 83]
2010-03-12 10:52:23 Notice: Notice (8): Undefined variable: mainMenu in [APP/views/layouts/default.ctp, line 57]
2010-03-12 10:52:23 Notice: Notice (8): Undefined variable: username in [APP/views/layouts/default.ctp, line 69]
2010-03-12 10:52:23 Notice: Notice (8): Undefined variable: groupname in [APP/views/layouts/default.ctp, line 69]
2010-03-12 10:52:23 Notice: Notice (8): Undefined variable: subMenu in [APP/views/layouts/default.ctp, line 83]
2010-03-12 10:53:14 Notice: Notice (8): Undefined variable: mainMenu in [APP/views/layouts/default.ctp, line 57]
2010-03-12 10:53:14 Notice: Notice (8): Undefined variable: username in [APP/views/layouts/default.ctp, line 69]
2010-03-12 10:53:14 Notice: Notice (8): Undefined variable: groupname in [APP/views/layouts/default.ctp, line 69]
2010-03-12 10:53:14 Notice: Notice (8): Undefined variable: subMenu in [APP/views/layouts/default.ctp, line 83]
2010-03-12 11:32:35 Notice: Notice (8): Undefined variable: mainMenu in [APP/views/layouts/default.ctp, line 57]
2010-03-12 11:32:35 Notice: Notice (8): Undefined variable: username in [APP/views/layouts/default.ctp, line 69]
2010-03-12 11:32:35 Notice: Notice (8): Undefined variable: groupname in [APP/views/layouts/default.ctp, line 69]
2010-03-12 11:32:36 Notice: Notice (8): Undefined variable: subMenu in [APP/views/layouts/default.ctp, line 83]
2010-03-12 11:33:04 Notice: Notice (8): Undefined variable: mainMenu in [APP/views/layouts/default.ctp, line 57]
2010-03-12 11:33:04 Notice: Notice (8): Undefined variable: username in [APP/views/layouts/default.ctp, line 69]
2010-03-12 11:33:04 Notice: Notice (8): Undefined variable: groupname in [APP/views/layouts/default.ctp, line 69]
2010-03-12 11:33:04 Notice: Notice (8): Undefined variable: subMenu in [APP/views/layouts/default.ctp, line 83]
2010-03-12 11:48:30 Notice: Notice (8): Undefined variable: mainMenu in [APP/views/layouts/default.ctp, line 57]
2010-03-12 11:48:30 Notice: Notice (8): Undefined variable: username in [APP/views/layouts/default.ctp, line 69]
2010-03-12 11:48:30 Notice: Notice (8): Undefined variable: groupname in [APP/views/layouts/default.ctp, line 69]
2010-03-12 11:48:30 Notice: Notice (8): Undefined variable: subMenu in [APP/views/layouts/default.ctp, line 83]
2010-03-12 12:50:30 Notice: Notice (8): Undefined variable: mainMenu in [APP/views/layouts/default.ctp, line 57]
2010-03-12 12:50:30 Notice: Notice (8): Undefined variable: username in [APP/views/layouts/default.ctp, line 69]
2010-03-12 12:50:30 Notice: Notice (8): Undefined variable: groupname in [APP/views/layouts/default.ctp, line 69]
2010-03-12 12:50:30 Notice: Notice (8): Undefined variable: subMenu in [APP/views/layouts/default.ctp, line 83]
2010-03-12 13:22:42 Notice: Notice (8): Undefined offset: 0 in [APP/vendors/html2pdf/html2pdf.class.php, line 3767]
2010-03-12 13:22:42 Notice: Notice (8): Undefined offset: 0 in [APP/vendors/html2pdf/html2pdf.class.php, line 3349]
2010-03-12 13:23:38 Notice: Notice (8): Undefined offset: 0 in [APP/vendors/html2pdf/html2pdf.class.php, line 3767]
2010-03-12 13:23:38 Notice: Notice (8): Undefined offset: 0 in [APP/vendors/html2pdf/html2pdf.class.php, line 3349]
2010-03-12 13:29:14 Notice: Notice (8): Undefined variable: kelasUjianMasuk in [APP/views/kelas_ujians/view.ctp, line 121]
2010-03-12 13:29:15 Notice: Notice (8): Undefined variable: mainMenu in [APP/views/layouts/default.ctp, line 57]
2010-03-12 13:29:15 Notice: Notice (8): Undefined variable: username in [APP/views/layouts/default.ctp, line 69]
2010-03-12 13:29:15 Notice: Notice (8): Undefined variable: groupname in [APP/views/layouts/default.ctp, line 69]
2010-03-12 13:29:15 Notice: Notice (8): Undefined variable: subMenu in [APP/views/layouts/default.ctp, line 83]
2010-03-12 13:29:33 Notice: Notice (8): Undefined variable: kelasUjianMasuk in [APP/views/kelas_ujians/view.ctp, line 121]
2010-03-12 13:29:33 Notice: Notice (8): Undefined variable: mainMenu in [APP/views/layouts/default.ctp, line 57]
2010-03-12 13:29:34 Notice: Notice (8): Undefined variable: username in [APP/views/layouts/default.ctp, line 69]
2010-03-12 13:29:34 Notice: Notice (8): Undefined variable: groupname in [APP/views/layouts/default.ctp, line 69]
2010-03-12 13:29:34 Notice: Notice (8): Undefined variable: subMenu in [APP/views/layouts/default.ctp, line 83]
2010-03-12 13:30:00 Notice: Notice (8): Undefined variable: kelasUjianMasuk in [APP/views/kelas_ujians/view.ctp, line 121]
2010-03-12 13:30:00 Notice: Notice (8): Undefined variable: mainMenu in [APP/views/layouts/default.ctp, line 57]
2010-03-12 13:30:00 Notice: Notice (8): Undefined variable: username in [APP/views/layouts/default.ctp, line 69]
2010-03-12 13:30:00 Notice: Notice (8): Undefined variable: groupname in [APP/views/layouts/default.ctp, line 69]
2010-03-12 13:30:00 Notice: Notice (8): Undefined variable: subMenu in [APP/views/layouts/default.ctp, line 83]
2010-03-12 13:30:09 Notice: Notice (8): Undefined variable: mainMenu in [APP/views/layouts/default.ctp, line 57]
2010-03-12 13:30:09 Notice: Notice (8): Undefined variable: username in [APP/views/layouts/default.ctp, line 69]
2010-03-12 13:30:09 Notice: Notice (8): Undefined variable: groupname in [APP/views/layouts/default.ctp, line 69]
2010-03-12 13:30:09 Notice: Notice (8): Undefined variable: subMenu in [APP/views/layouts/default.ctp, line 83]
