2010-03-09 15:04:34 Warning: Warning (512): Cache not configured properly. Please check Cache::config(); in APP/config/core.php in [CORE/cake/libs/configure.php, line 663]
2010-03-09 15:04:34 Warning: Warning (2): array_merge() [<a href='http://php.net/function.array-merge'>function.array-merge</a>]: Argument #1 is not an array in [CORE/cake/libs/configure.php, line 684]
2010-03-09 15:04:34 Warning: Warning (2): array_merge() [<a href='http://php.net/function.array-merge'>function.array-merge</a>]: Argument #1 is not an array in [CORE/cake/libs/configure.php, line 691]
2010-03-09 15:04:34 Warning: Warning (2): Invalid argument supplied for foreach() in [APP/views/layouts/default.ctp, line 57]
2010-03-09 15:04:34 Warning: Warning (2): Invalid argument supplied for foreach() in [APP/views/layouts/default.ctp, line 83]
2010-03-09 15:05:01 Warning: Warning (2): Invalid argument supplied for foreach() in [APP/views/layouts/default.ctp, line 57]
2010-03-09 15:05:01 Warning: Warning (2): Invalid argument supplied for foreach() in [APP/views/layouts/default.ctp, line 83]
2010-03-09 15:07:58 Warning: Warning (2): Invalid argument supplied for foreach() in [APP/views/layouts/default.ctp, line 57]
2010-03-09 15:07:58 Warning: Warning (2): Invalid argument supplied for foreach() in [APP/views/layouts/default.ctp, line 83]
2010-03-09 15:08:12 Warning: Warning (2): Invalid argument supplied for foreach() in [APP/views/layouts/default.ctp, line 57]
2010-03-09 15:08:12 Warning: Warning (2): Invalid argument supplied for foreach() in [APP/views/layouts/default.ctp, line 83]
2010-03-09 15:08:19 Warning: Warning (2): Invalid argument supplied for foreach() in [APP/views/layouts/default.ctp, line 57]
2010-03-09 15:08:20 Warning: Warning (2): Invalid argument supplied for foreach() in [APP/views/layouts/default.ctp, line 83]
2010-03-09 15:08:49 Warning: Warning (2): Invalid argument supplied for foreach() in [APP/views/layouts/default.ctp, line 57]
2010-03-09 15:08:49 Warning: Warning (2): Invalid argument supplied for foreach() in [APP/views/layouts/default.ctp, line 83]
2010-03-09 15:08:54 Warning: Warning (2): Invalid argument supplied for foreach() in [APP/views/layouts/default.ctp, line 57]
2010-03-09 15:08:54 Warning: Warning (2): Invalid argument supplied for foreach() in [APP/views/layouts/default.ctp, line 83]
2010-03-09 15:09:26 Warning: Warning (2): Invalid argument supplied for foreach() in [APP/views/layouts/default.ctp, line 57]
2010-03-09 15:09:26 Warning: Warning (2): Invalid argument supplied for foreach() in [APP/views/layouts/default.ctp, line 83]
2010-03-09 15:09:35 Warning: Warning (2): Invalid argument supplied for foreach() in [APP/views/layouts/default.ctp, line 57]
2010-03-09 15:09:35 Warning: Warning (2): Invalid argument supplied for foreach() in [APP/views/layouts/default.ctp, line 83]
2010-03-09 15:17:21 Warning: Warning (2): Invalid argument supplied for foreach() in [APP/views/layouts/default.ctp, line 57]
2010-03-09 15:17:21 Warning: Warning (2): Invalid argument supplied for foreach() in [APP/views/layouts/default.ctp, line 83]
2010-03-09 15:43:12 Warning: Warning (2): Invalid argument supplied for foreach() in [APP/views/layouts/default.ctp, line 57]
2010-03-09 15:43:13 Warning: Warning (2): Invalid argument supplied for foreach() in [APP/views/layouts/default.ctp, line 83]
2010-03-09 16:50:03 Warning: Warning (2): Invalid argument supplied for foreach() in [APP/views/layouts/default.ctp, line 57]
2010-03-09 16:50:03 Warning: Warning (2): Invalid argument supplied for foreach() in [APP/views/layouts/default.ctp, line 83]
2010-03-10 09:37:12 Warning: Warning (2): Invalid argument supplied for foreach() in [APP/views/layouts/default.ctp, line 57]
2010-03-10 09:37:12 Warning: Warning (2): Invalid argument supplied for foreach() in [APP/views/layouts/default.ctp, line 83]
2010-03-10 10:12:51 Warning: Warning (512): <span style = "color:Red;text-align:left"><b>SQL Error:</b> 1064: You have an error in your SQL syntax; check the manual that corresponds to your MySQL server version for the right syntax to use near 'gelombang_pendaftarans` AS `GelombangPendaftaran`   WHERE 1 = 1' at line 1</span> in [CORE/cake/libs/model/datasources/dbo_source.php, line 525]
2010-03-10 10:59:47 Warning: Warning (512): <span style = "color:Red;text-align:left"><b>SQL Error:</b> 1054: Unknown column 'Refmaster.kode' in 'on clause'</span> in [CORE/cake/libs/model/datasources/dbo_source.php, line 525]
2010-03-10 10:59:47 Warning: Warning (2): Invalid argument supplied for foreach() in [APP/views/kelas_ujians/index.ctp, line 19]
2010-03-10 11:00:20 Warning: Warning (512): <span style = "color:Red;text-align:left"><b>SQL Error:</b> 1054: Unknown column 'Refmaster.code' in 'on clause'</span> in [CORE/cake/libs/model/datasources/dbo_source.php, line 525]
2010-03-10 11:00:20 Warning: Warning (2): Invalid argument supplied for foreach() in [APP/views/kelas_ujians/index.ctp, line 19]
2010-03-10 11:01:29 Warning: Warning (512): <span style = "color:Red;text-align:left"><b>SQL Error:</b> 1054: Unknown column 'Refdetil.code' in 'order clause'</span> in [CORE/cake/libs/model/datasources/dbo_source.php, line 525]
2010-03-10 11:02:54 Warning: Warning (512): <span style = "color:Red;text-align:left"><b>SQL Error:</b> 1054: Unknown column 'Refdetil.code' in 'order clause'</span> in [CORE/cake/libs/model/datasources/dbo_source.php, line 525]
2010-03-10 11:02:58 Warning: Warning (512): <span style = "color:Red;text-align:left"><b>SQL Error:</b> 1054: Unknown column 'Refdetil.code' in 'order clause'</span> in [CORE/cake/libs/model/datasources/dbo_source.php, line 525]
2010-03-10 11:04:01 Warning: Warning (512): <span style = "color:Red;text-align:left"><b>SQL Error:</b> 1054: Unknown column 'Refdetil.code' in 'order clause'</span> in [CORE/cake/libs/model/datasources/dbo_source.php, line 525]
2010-03-10 11:05:48 Warning: Warning (512): <span style = "color:Red;text-align:left"><b>SQL Error:</b> 1054: Unknown column 'Refdetil.code' in 'order clause'</span> in [CORE/cake/libs/model/datasources/dbo_source.php, line 525]
2010-03-10 11:07:59 Warning: Warning (512): <span style = "color:Red;text-align:left"><b>SQL Error:</b> 1054: Unknown column 'Refdetil.code' in 'order clause'</span> in [CORE/cake/libs/model/datasources/dbo_source.php, line 525]
2010-03-10 11:09:19 Warning: Warning (512): <span style = "color:Red;text-align:left"><b>SQL Error:</b> 1054: Unknown column 'Refdetil.code' in 'order clause'</span> in [CORE/cake/libs/model/datasources/dbo_source.php, line 525]
2010-03-10 11:09:46 Warning: Warning (512): <span style = "color:Red;text-align:left"><b>SQL Error:</b> 1054: Unknown column 'Refdetil.code' in 'order clause'</span> in [CORE/cake/libs/model/datasources/dbo_source.php, line 525]
2010-03-10 11:26:04 Warning: Warning (2): Invalid argument supplied for foreach() in [APP/views/layouts/default.ctp, line 57]
2010-03-10 11:26:04 Warning: Warning (2): Invalid argument supplied for foreach() in [APP/views/layouts/default.ctp, line 83]
2010-03-10 11:43:45 Warning: Warning (512): <span style = "color:Red;text-align:left"><b>SQL Error:</b> 1054: Unknown column 'Refdetil.code' in 'order clause'</span> in [CORE/cake/libs/model/datasources/dbo_source.php, line 525]
2010-03-10 12:45:01 Warning: Warning (2): Invalid argument supplied for foreach() in [APP/views/layouts/default.ctp, line 57]
2010-03-10 12:45:01 Warning: Warning (2): Invalid argument supplied for foreach() in [APP/views/layouts/default.ctp, line 83]
2010-03-10 15:43:23 Warning: Warning (2): Invalid argument supplied for foreach() in [APP/views/layouts/default.ctp, line 57]
2010-03-10 15:43:23 Warning: Warning (2): Invalid argument supplied for foreach() in [APP/views/layouts/default.ctp, line 83]
2010-03-10 15:50:51 Warning: Warning (2): Invalid argument supplied for foreach() in [APP/views/layouts/default.ctp, line 57]
2010-03-10 15:50:51 Warning: Warning (2): Invalid argument supplied for foreach() in [APP/views/layouts/default.ctp, line 83]
2010-03-10 15:52:19 Warning: Warning (2): Invalid argument supplied for foreach() in [APP/views/layouts/default.ctp, line 57]
2010-03-10 15:52:19 Warning: Warning (2): Invalid argument supplied for foreach() in [APP/views/layouts/default.ctp, line 83]
2010-03-10 15:52:49 Warning: Warning (2): Invalid argument supplied for foreach() in [APP/views/layouts/default.ctp, line 57]
2010-03-10 15:52:49 Warning: Warning (2): Invalid argument supplied for foreach() in [APP/views/layouts/default.ctp, line 83]
2010-03-10 15:54:01 Warning: Warning (2): Invalid argument supplied for foreach() in [APP/views/layouts/default.ctp, line 57]
2010-03-10 15:54:01 Warning: Warning (2): Invalid argument supplied for foreach() in [APP/views/layouts/default.ctp, line 83]
2010-03-10 16:03:54 Warning: Warning (2): Invalid argument supplied for foreach() in [APP/views/layouts/default.ctp, line 57]
2010-03-10 16:03:54 Warning: Warning (2): Invalid argument supplied for foreach() in [APP/views/layouts/default.ctp, line 83]
2010-03-10 16:06:43 Warning: Warning (2): Invalid argument supplied for foreach() in [APP/controllers/kelas_ujians_controller.php, line 93]
2010-03-10 16:07:00 Warning: Warning (2): Invalid argument supplied for foreach() in [APP/controllers/kelas_ujians_controller.php, line 93]
2010-03-10 16:17:16 Warning: Warning (2): Invalid argument supplied for foreach() in [APP/views/layouts/default.ctp, line 57]
2010-03-10 16:17:16 Warning: Warning (2): Invalid argument supplied for foreach() in [APP/views/layouts/default.ctp, line 83]
2010-03-10 16:17:50 Warning: Warning (2): Invalid argument supplied for foreach() in [APP/views/layouts/default.ctp, line 57]
2010-03-10 16:17:50 Warning: Warning (2): Invalid argument supplied for foreach() in [APP/views/layouts/default.ctp, line 83]
2010-03-10 16:18:58 Warning: Warning (2): Invalid argument supplied for foreach() in [APP/views/layouts/default.ctp, line 57]
2010-03-10 16:18:58 Warning: Warning (2): Invalid argument supplied for foreach() in [APP/views/layouts/default.ctp, line 83]
2010-03-10 16:19:18 Warning: Warning (2): Invalid argument supplied for foreach() in [APP/views/layouts/default.ctp, line 57]
2010-03-10 16:19:18 Warning: Warning (2): Invalid argument supplied for foreach() in [APP/views/layouts/default.ctp, line 83]
2010-03-10 16:27:10 Warning: Warning (2): Invalid argument supplied for foreach() in [APP/views/layouts/default.ctp, line 57]
2010-03-10 16:27:10 Warning: Warning (2): Invalid argument supplied for foreach() in [APP/views/layouts/default.ctp, line 83]
2010-03-11 09:47:58 Warning: Warning (2): Invalid argument supplied for foreach() in [APP/views/layouts/default.ctp, line 57]
2010-03-11 09:47:58 Warning: Warning (2): Invalid argument supplied for foreach() in [APP/views/layouts/default.ctp, line 83]
2010-03-11 10:05:13 Warning: Warning (2): Invalid argument supplied for foreach() in [APP/views/layouts/default.ctp, line 57]
2010-03-11 10:05:13 Warning: Warning (2): Invalid argument supplied for foreach() in [APP/views/layouts/default.ctp, line 83]
2010-03-11 10:05:33 Warning: Warning (2): Invalid argument supplied for foreach() in [APP/views/layouts/default.ctp, line 57]
2010-03-11 10:05:33 Warning: Warning (2): Invalid argument supplied for foreach() in [APP/views/layouts/default.ctp, line 83]
2010-03-11 10:05:35 Warning: Warning (2): Invalid argument supplied for foreach() in [APP/views/layouts/default.ctp, line 57]
2010-03-11 10:05:35 Warning: Warning (2): Invalid argument supplied for foreach() in [APP/views/layouts/default.ctp, line 83]
2010-03-11 10:06:36 Warning: Warning (2): Invalid argument supplied for foreach() in [APP/views/layouts/default.ctp, line 57]
2010-03-11 10:06:36 Warning: Warning (2): Invalid argument supplied for foreach() in [APP/views/layouts/default.ctp, line 83]
2010-03-11 10:06:38 Warning: Warning (2): Invalid argument supplied for foreach() in [APP/views/layouts/default.ctp, line 57]
2010-03-11 10:06:38 Warning: Warning (2): Invalid argument supplied for foreach() in [APP/views/layouts/default.ctp, line 83]
2010-03-11 10:06:41 Warning: Warning (2): Invalid argument supplied for foreach() in [APP/views/layouts/default.ctp, line 57]
2010-03-11 10:06:41 Warning: Warning (2): Invalid argument supplied for foreach() in [APP/views/layouts/default.ctp, line 83]
2010-03-11 10:06:43 Warning: Warning (2): Invalid argument supplied for foreach() in [APP/views/layouts/default.ctp, line 57]
2010-03-11 10:06:43 Warning: Warning (2): Invalid argument supplied for foreach() in [APP/views/layouts/default.ctp, line 83]
2010-03-11 10:06:45 Warning: Warning (2): Invalid argument supplied for foreach() in [APP/views/layouts/default.ctp, line 57]
2010-03-11 10:06:45 Warning: Warning (2): Invalid argument supplied for foreach() in [APP/views/layouts/default.ctp, line 83]
2010-03-11 10:07:40 Warning: Warning (2): Invalid argument supplied for foreach() in [APP/views/layouts/default.ctp, line 57]
2010-03-11 10:07:40 Warning: Warning (2): Invalid argument supplied for foreach() in [APP/views/layouts/default.ctp, line 83]
2010-03-11 13:40:33 Warning: Warning (2): Invalid argument supplied for foreach() in [APP/views/layouts/default.ctp, line 57]
2010-03-11 13:40:33 Warning: Warning (2): Invalid argument supplied for foreach() in [APP/views/layouts/default.ctp, line 83]
2010-03-11 13:40:35 Warning: Warning (2): Division by zero in [APP/views/pmb/nilai.ctp, line 62]
2010-03-11 13:40:36 Warning: Warning (2): Invalid argument supplied for foreach() in [APP/views/layouts/default.ctp, line 57]
2010-03-11 13:40:36 Warning: Warning (2): Invalid argument supplied for foreach() in [APP/views/layouts/default.ctp, line 83]
2010-03-11 13:40:59 Warning: Warning (2): Invalid argument supplied for foreach() in [APP/views/layouts/default.ctp, line 57]
2010-03-11 13:40:59 Warning: Warning (2): Invalid argument supplied for foreach() in [APP/views/layouts/default.ctp, line 83]
2010-03-11 13:41:40 Warning: Warning (2): Invalid argument supplied for foreach() in [APP/views/layouts/default.ctp, line 57]
2010-03-11 13:41:40 Warning: Warning (2): Invalid argument supplied for foreach() in [APP/views/layouts/default.ctp, line 83]
2010-03-11 14:58:30 Warning: Warning (512): <span style = "color:Red;text-align:left"><b>SQL Error:</b> 1062: Duplicate entry '0' for key 1</span> in [CORE/cake/libs/model/datasources/dbo_source.php, line 525]
2010-03-11 15:58:30 Warning: Warning (2): Invalid argument supplied for foreach() in [APP/views/layouts/default.ctp, line 57]
2010-03-11 15:58:30 Warning: Warning (2): Invalid argument supplied for foreach() in [APP/views/layouts/default.ctp, line 83]
2010-03-11 15:58:32 Warning: Warning (2): Invalid argument supplied for foreach() in [APP/views/layouts/default.ctp, line 57]
2010-03-11 15:58:32 Warning: Warning (2): Invalid argument supplied for foreach() in [APP/views/layouts/default.ctp, line 83]
2010-03-11 15:58:35 Warning: Warning (2): Invalid argument supplied for foreach() in [APP/views/layouts/default.ctp, line 57]
2010-03-11 15:58:35 Warning: Warning (2): Invalid argument supplied for foreach() in [APP/views/layouts/default.ctp, line 83]
2010-03-11 16:04:42 Warning: Warning (2): Invalid argument supplied for foreach() in [APP/views/layouts/default.ctp, line 57]
2010-03-11 16:04:42 Warning: Warning (2): Invalid argument supplied for foreach() in [APP/views/layouts/default.ctp, line 83]
2010-03-11 16:04:45 Warning: Warning (2): Invalid argument supplied for foreach() in [APP/views/layouts/default.ctp, line 57]
2010-03-11 16:04:45 Warning: Warning (2): Invalid argument supplied for foreach() in [APP/views/layouts/default.ctp, line 83]
2010-03-11 16:04:47 Warning: Warning (2): Invalid argument supplied for foreach() in [APP/views/layouts/default.ctp, line 57]
2010-03-11 16:04:47 Warning: Warning (2): Invalid argument supplied for foreach() in [APP/views/layouts/default.ctp, line 83]
2010-03-11 16:19:00 Warning: Warning (512): <span style = "color:Red;text-align:left"><b>SQL Error:</b> 1054: Unknown column 'KelasUjian.jenis_nilai_pendaftaran_id' in 'where clause'</span> in [CORE/cake/libs/model/datasources/dbo_source.php, line 525]
2010-03-11 16:19:00 Warning: Warning (2): Invalid argument supplied for foreach() in [APP/views/kelas_ujians/index.ctp, line 53]
2010-03-11 16:19:35 Warning: Warning (512): <span style = "color:Red;text-align:left"><b>SQL Error:</b> 1054: Unknown column 'KelasUjian.jenis_nilai_pendaftaran_id' in 'where clause'</span> in [CORE/cake/libs/model/datasources/dbo_source.php, line 525]
2010-03-11 16:19:35 Warning: Warning (2): Invalid argument supplied for foreach() in [APP/views/kelas_ujians/index.ctp, line 53]
2010-03-12 10:52:05 Warning: Warning (2): Invalid argument supplied for foreach() in [APP/views/layouts/default.ctp, line 57]
2010-03-12 10:52:05 Warning: Warning (2): Invalid argument supplied for foreach() in [APP/views/layouts/default.ctp, line 83]
2010-03-12 10:52:23 Warning: Warning (2): Invalid argument supplied for foreach() in [APP/views/layouts/default.ctp, line 57]
2010-03-12 10:52:23 Warning: Warning (2): Invalid argument supplied for foreach() in [APP/views/layouts/default.ctp, line 83]
2010-03-12 10:53:14 Warning: Warning (2): Invalid argument supplied for foreach() in [APP/views/layouts/default.ctp, line 57]
2010-03-12 10:53:14 Warning: Warning (2): Invalid argument supplied for foreach() in [APP/views/layouts/default.ctp, line 83]
2010-03-12 11:32:35 Warning: Warning (2): Invalid argument supplied for foreach() in [APP/views/layouts/default.ctp, line 57]
2010-03-12 11:32:36 Warning: Warning (2): Invalid argument supplied for foreach() in [APP/views/layouts/default.ctp, line 83]
2010-03-12 11:33:04 Warning: Warning (2): Invalid argument supplied for foreach() in [APP/views/layouts/default.ctp, line 57]
2010-03-12 11:33:04 Warning: Warning (2): Invalid argument supplied for foreach() in [APP/views/layouts/default.ctp, line 83]
2010-03-12 11:48:30 Warning: Warning (2): Invalid argument supplied for foreach() in [APP/views/layouts/default.ctp, line 57]
2010-03-12 11:48:30 Warning: Warning (2): Invalid argument supplied for foreach() in [APP/views/layouts/default.ctp, line 83]
2010-03-12 12:50:30 Warning: Warning (2): Invalid argument supplied for foreach() in [APP/views/layouts/default.ctp, line 57]
2010-03-12 12:50:30 Warning: Warning (2): Invalid argument supplied for foreach() in [APP/views/layouts/default.ctp, line 83]
2010-03-12 13:22:42 Warning: Warning (512): Method FormHelper::hitden does not exist in [CORE/cake/libs/view/helper.php, line 143]
2010-03-12 13:23:38 Warning: Warning (512): Method FormHelper::hitden does not exist in [CORE/cake/libs/view/helper.php, line 143]
2010-03-12 13:26:19 Warning: Warning (512): Method FormHelper::hitden does not exist in [CORE/cake/libs/view/helper.php, line 143]
2010-03-12 13:29:15 Warning: Warning (2): Invalid argument supplied for foreach() in [APP/views/layouts/default.ctp, line 57]
2010-03-12 13:29:15 Warning: Warning (2): Invalid argument supplied for foreach() in [APP/views/layouts/default.ctp, line 83]
2010-03-12 13:29:33 Warning: Warning (2): Invalid argument supplied for foreach() in [APP/views/layouts/default.ctp, line 57]
2010-03-12 13:29:34 Warning: Warning (2): Invalid argument supplied for foreach() in [APP/views/layouts/default.ctp, line 83]
2010-03-12 13:30:00 Warning: Warning (2): Invalid argument supplied for foreach() in [APP/views/layouts/default.ctp, line 57]
2010-03-12 13:30:00 Warning: Warning (2): Invalid argument supplied for foreach() in [APP/views/layouts/default.ctp, line 83]
2010-03-12 13:30:09 Warning: Warning (2): Invalid argument supplied for foreach() in [APP/views/layouts/default.ctp, line 57]
2010-03-12 13:30:09 Warning: Warning (2): Invalid argument supplied for foreach() in [APP/views/layouts/default.ctp, line 83]
